2011-08-23 19:57:00,610 [] INFO  bo.CommodityCerOrderBO - =====>属性订正任务执行开始|每页读取100条数据  
2011-08-23 19:57:05,012 [] INFO  bo.CommodityCerOrderBO - 当前正在处理页数:1  
2011-08-23 19:57:30,688 [] INFO  bo.CommodityCerOrderBO - order-fix.curr_id:10117,status:attr_ids不含0跳过  
2011-08-23 19:57:30,709 [] ERROR bo.CommodityCerOrderBO - order-fix.curr_id:10117,status:添加属性id，但由于认证分类参数有误默认取匹配属性名称的第一个属性id：100104  
2011-08-23 19:57:31,721 [] ERROR bo.CommodityCerOrderBO - order-fix.curr_id:10117,status:添加属性id，但由于认证分类参数有误默认取匹配属性名称的第一个属性id：100105  
2011-08-23 19:57:32,727 [] ERROR bo.CommodityCerOrderBO - order-fix.curr_id:10117,status:添加属性id，但由于认证分类参数有误默认取匹配属性名称的第一个属性id：100107  
2011-08-23 19:57:32,782 [] INFO  bo.CommodityCerOrderBO - order-fix.curr_id:10117,status:attr_ids成功保存为0|100104|0|100105|100107  
2011-08-23 19:57:32,782 [] INFO  bo.CommodityCerOrderBO - order-fix.curr_id:10226,status:attr_ids不含0跳过  
2011-08-23 19:57:32,805 [] ERROR bo.CommodityCerOrderBO - order-fix.curr_id:10226,status:添加属性id，但由于没有属性在该分类下默认取匹配属性名称的第一个属性id：100104  
2011-08-23 19:57:33,828 [] ERROR bo.CommodityCerOrderBO - order-fix.curr_id:10226,status:添加属性id，但由于没有属性在该分类下默认取匹配属性名称的第一个属性id：100107  
2011-08-23 19:57:33,838 [] ERROR bo.CommodityCerOrderBO - order-fix.curr_id:10226,status:添加属性id，但由于没有属性在该分类下默认取匹配属性名称的第一个属性id：46  
2011-08-23 19:57:34,850 [] ERROR bo.CommodityCerOrderBO - order-fix.curr_id:10226,status:添加属性id，但由于没有属性在该分类下默认取匹配属性名称的第一个属性id：100106  
2011-08-23 19:57:35,860 [] ERROR bo.CommodityCerOrderBO - order-fix.curr_id:10226,status:添加属性id，但由于没有属性在该分类下默认取匹配属性名称的第一个属性id：100105  
2011-08-23 19:57:36,871 [] ERROR bo.CommodityCerOrderBO - order-fix.curr_id:10226,status:添加属性id，但由于没有属性在该分类下默认取匹配属性名称的第一个属性id：3  
2011-08-23 19:57:36,884 [] ERROR bo.CommodityCerOrderBO - order-fix.curr_id:10226,status:添加属性id，但由于没有属性在该分类下默认取匹配属性名称的第一个属性id：3  
2011-08-23 19:57:36,891 [] INFO  bo.CommodityCerOrderBO - order-fix.curr_id:10226,status:attr_ids成功保存为6|100104|0|0|100107|46|100106|100105|3|3  
2011-08-23 19:57:36,891 [] INFO  bo.CommodityCerOrderBO - order-fix.curr_id:10222,status:attr_ids不含0跳过  
2011-08-23 19:57:36,928 [] ERROR bo.CommodityCerOrderBO - order-fix.curr_id:10222,status:添加属性id，但由于没有属性在该分类下默认取匹配属性名称的第一个属性id：3  
2011-08-23 19:57:36,942 [] ERROR bo.CommodityCerOrderBO - order-fix.curr_id:10222,status:添加属性id，但由于没有属性在该分类下默认取匹配属性名称的第一个属性id：100104  
2011-08-23 19:57:36,955 [] ERROR bo.CommodityCerOrderBO - order-fix.curr_id:10222,status:添加属性id，但由于没有属性在该分类下默认取匹配属性名称的第一个属性id：100105  
2011-08-23 19:57:36,969 [] ERROR bo.CommodityCerOrderBO - order-fix.curr_id:10222,status:添加属性id，但由于没有属性在该分类下默认取匹配属性名称的第一个属性id：100107  
2011-08-23 19:57:36,980 [] ERROR bo.CommodityCerOrderBO - order-fix.curr_id:10222,status:添加属性id，但由于没有属性在该分类下默认取匹配属性名称的第一个属性id：46  
2011-08-23 19:57:36,992 [] ERROR bo.CommodityCerOrderBO - order-fix.curr_id:10222,status:添加属性id，但由于没有属性在该分类下默认取匹配属性名称的第一个属性id：100106  
2011-08-23 19:57:37,011 [] ERROR bo.CommodityCerOrderBO - order-fix.curr_id:10222,status:添加属性id，但由于没有属性在该分类下默认取匹配属性名称的第一个属性id：3  
